# Logfile created on Mon Aug 15 10:14:38 -0700 2011 by logger.rb/22285
REQUESTING PAGE: GET http://www.example.com/user1/foo-bar-album/photos/#!1 with {} and HTTP headers {}
REQUESTING PAGE: GET http://www.example.com/user1/foo-bar-album/photos/#!1 with {} and HTTP headers {}
REQUESTING PAGE: GET http://www.example.com/user1/foo-bar-album/photos/#!1 with {} and HTTP headers {}
REQUESTING PAGE: GET http://www.example.com/user1/foo-bar-album/photos/#!1 with {} and HTTP headers {}
REQUESTING PAGE: GET /signin with {} and HTTP headers {"HTTP_REFERER"=>"http://www.example.com/user1/foo-bar-album/photos/#!1"}
REQUESTING PAGE: GET https://www.example.com/signin with {} and HTTP headers {"HTTP_REFERER"=>"/signin"}
REQUESTING PAGE: GET http://www.example.com/user1/foo-bar-album/photos/#!1 with {} and HTTP headers {}
REQUESTING PAGE: GET /signin?redirect_to=http://www.example.com/user1/foo-bar-album/photos/#!1 with {} and HTTP headers {"HTTP_REFERER"=>"http://www.example.com/user1/foo-bar-album/photos/#!1"}
REQUESTING PAGE: GET https://www.example.com/signin?redirect_to=http%3A%2F%2Fwww.example.com%2Fuser1%2Ffoo-bar-album%2Fphotos%2F with {} and HTTP headers {"HTTP_REFERER"=>"/signin?redirect_to=http://www.example.com/user1/foo-bar-album/photos/#!1"}
REQUESTING PAGE: GET http://www.example.com/user1/foo-bar-album/photos/#!1 with {} and HTTP headers {}
REQUESTING PAGE: GET /signin?return_to=http://www.example.com/user1/foo-bar-album/photos/#!1 with {} and HTTP headers {"HTTP_REFERER"=>"http://www.example.com/user1/foo-bar-album/photos/#!1"}
REQUESTING PAGE: GET https://www.example.com/signin?return_to=http%3A%2F%2Fwww.example.com%2Fuser1%2Ffoo-bar-album%2Fphotos%2F with {} and HTTP headers {"HTTP_REFERER"=>"/signin?return_to=http://www.example.com/user1/foo-bar-album/photos/#!1"}
REQUESTING PAGE: GET http://www.example.com/user1/foo-bar-album/photos/#!1 with {} and HTTP headers {}
REQUESTING PAGE: GET /signin?return_to=http://www.example.com/user1/foo-bar-album/photos/#!1 with {} and HTTP headers {"HTTP_REFERER"=>"http://www.example.com/user1/foo-bar-album/photos/#!1"}
REQUESTING PAGE: GET https://www.example.com/signin?return_to=http%3A%2F%2Fwww.example.com%2Fuser1%2Ffoo-bar-album%2Fphotos%2F with {} and HTTP headers {"HTTP_REFERER"=>"/signin?return_to=http://www.example.com/user1/foo-bar-album/photos/#!1"}
REQUESTING PAGE: GET http://www.example.com/user1/foo-bar-album/photos/#!1 with {} and HTTP headers {}
REQUESTING PAGE: GET /signin?return_to=http%3A%2F%2Fwww.example.com%2Fuser1%2Ffoo-bar-album%2Fphotos%2F%23%211 with {} and HTTP headers {"HTTP_REFERER"=>"http://www.example.com/user1/foo-bar-album/photos/#!1"}
REQUESTING PAGE: GET https://www.example.com/signin?return_to=http%3A%2F%2Fwww.example.com%2Fuser1%2Ffoo-bar-album%2Fphotos%2F%23%211 with {} and HTTP headers {"HTTP_REFERER"=>"/signin?return_to=http%3A%2F%2Fwww.example.com%2Fuser1%2Ffoo-bar-album%2Fphotos%2F%23%211"}
REQUESTING PAGE: GET http://www.example.com/user1/foo-bar-album/photos/#!1 with {} and HTTP headers {}
REQUESTING PAGE: GET /signin?return_to=http%3A%2F%2Fwww.example.com%2Fuser1%2Ffoo-bar-album%2Fphotos%2F%23%211 with {} and HTTP headers {"HTTP_REFERER"=>"http://www.example.com/user1/foo-bar-album/photos/#!1"}
REQUESTING PAGE: GET https://www.example.com/signin?return_to=http%3A%2F%2Fwww.example.com%2Fuser1%2Ffoo-bar-album%2Fphotos%2F%23%211 with {} and HTTP headers {"HTTP_REFERER"=>"/signin?return_to=http%3A%2F%2Fwww.example.com%2Fuser1%2Ffoo-bar-album%2Fphotos%2F%23%211"}
REQUESTING PAGE: GET http://www.example.com/user1/foo-bar-album/photos/#!1 with {} and HTTP headers {}
REQUESTING PAGE: GET /signin?return_to=http%3A%2F%2Fwww.example.com%2Fuser1%2Ffoo-bar-album%2Fphotos%2F%23%211 with {} and HTTP headers {"HTTP_REFERER"=>"http://www.example.com/user1/foo-bar-album/photos/#!1"}
REQUESTING PAGE: GET https://www.example.com/signin?return_to=http%3A%2F%2Fwww.example.com%2Fuser1%2Ffoo-bar-album%2Fphotos%2F%23%211 with {} and HTTP headers {"HTTP_REFERER"=>"/signin?return_to=http%3A%2F%2Fwww.example.com%2Fuser1%2Ffoo-bar-album%2Fphotos%2F%23%211"}
REQUESTING PAGE: GET http://www.example.com/user1/foo-bar-album/photos/#!1 with {} and HTTP headers {}
REQUESTING PAGE: GET /signin?return_to=http%3A%2F%2Fwww.example.com%2Fuser1%2Ffoo-bar-album%2Fphotos%2F%23%211 with {} and HTTP headers {"HTTP_REFERER"=>"http://www.example.com/user1/foo-bar-album/photos/#!1"}
REQUESTING PAGE: GET https://www.example.com/signin?return_to=http%3A%2F%2Fwww.example.com%2Fuser1%2Ffoo-bar-album%2Fphotos%2F%23%211 with {} and HTTP headers {"HTTP_REFERER"=>"/signin?return_to=http%3A%2F%2Fwww.example.com%2Fuser1%2Ffoo-bar-album%2Fphotos%2F%23%211"}
REQUESTING PAGE: GET http://www.example.com/user1/foo-bar-album/photos/#!1 with {} and HTTP headers {}
REQUESTING PAGE: GET /signin?return_to=http%3A%2F%2Fwww.example.com%2Fuser1%2Ffoo-bar-album%2Fphotos%2F%23%211 with {} and HTTP headers {"HTTP_REFERER"=>"http://www.example.com/user1/foo-bar-album/photos/#!1"}
REQUESTING PAGE: GET https://www.example.com/signin?return_to=http%3A%2F%2Fwww.example.com%2Fuser1%2Ffoo-bar-album%2Fphotos%2F%23%211 with {} and HTTP headers {"HTTP_REFERER"=>"/signin?return_to=http%3A%2F%2Fwww.example.com%2Fuser1%2Ffoo-bar-album%2Fphotos%2F%23%211"}
REQUESTING PAGE: GET http://www.example.com/user1/foo-bar-album/photos/#!1 with {} and HTTP headers {}
REQUESTING PAGE: GET /signin?return_to=http%3A%2F%2Fwww.example.com%2Fuser1%2Ffoo-bar-album%2Fphotos%2F%23%211 with {} and HTTP headers {"HTTP_REFERER"=>"http://www.example.com/user1/foo-bar-album/photos/#!1"}
REQUESTING PAGE: GET https://www.example.com/signin?return_to=http%3A%2F%2Fwww.example.com%2Fuser1%2Ffoo-bar-album%2Fphotos%2F%23%211 with {} and HTTP headers {"HTTP_REFERER"=>"/signin?return_to=http%3A%2F%2Fwww.example.com%2Fuser1%2Ffoo-bar-album%2Fphotos%2F%23%211"}
REQUESTING PAGE: GET http://www.example.com/user1/foo-bar-album/photos/#!1 with {} and HTTP headers {}
REQUESTING PAGE: GET /signin?return_to=http%3A%2F%2Fwww.example.com%2Fuser1%2Ffoo-bar-album%2Fphotos%2F%23%211 with {} and HTTP headers {"HTTP_REFERER"=>"http://www.example.com/user1/foo-bar-album/photos/#!1"}
REQUESTING PAGE: GET https://www.example.com/signin?return_to=http%3A%2F%2Fwww.example.com%2Fuser1%2Ffoo-bar-album%2Fphotos%2F%23%211 with {} and HTTP headers {"HTTP_REFERER"=>"/signin?return_to=http%3A%2F%2Fwww.example.com%2Fuser1%2Ffoo-bar-album%2Fphotos%2F%23%211"}
REQUESTING PAGE: GET http://www.example.com/user1/foo-bar-album/photos/#!1 with {} and HTTP headers {}
REQUESTING PAGE: GET http://www.example.com/user1/foo-bar-album/photos/#!1 with {} and HTTP headers {}
REQUESTING PAGE: GET /signin?return_to=%2Fservice%2Fphotos%2F1%2Fcomments%2Ffinish_guest_create with {} and HTTP headers {"HTTP_REFERER"=>"http://www.example.com/user1/foo-bar-album/photos/#!1"}
REQUESTING PAGE: GET https://www.example.com/signin?return_to=%2Fservice%2Fphotos%2F1%2Fcomments%2Ffinish_guest_create with {} and HTTP headers {"HTTP_REFERER"=>"/signin?return_to=%2Fservice%2Fphotos%2F1%2Fcomments%2Ffinish_guest_create"}
REQUESTING PAGE: GET http://www.example.com/user1/foo-bar-album/photos/#!1 with {} and HTTP headers {}
REQUESTING PAGE: GET /signin?return_to=%2Fservice%2Fphotos%2F1%2Fcomments%2Ffinish_guest_create with {} and HTTP headers {"HTTP_REFERER"=>"http://www.example.com/user1/foo-bar-album/photos/#!1"}
REQUESTING PAGE: GET https://www.example.com/signin?return_to=%2Fservice%2Fphotos%2F1%2Fcomments%2Ffinish_guest_create with {} and HTTP headers {"HTTP_REFERER"=>"/signin?return_to=%2Fservice%2Fphotos%2F1%2Fcomments%2Ffinish_guest_create"}
REQUESTING PAGE: GET http://www.example.com/user1/foo-bar-album/photos/#!1 with {} and HTTP headers {}
REQUESTING PAGE: GET /signin?return_to=%2Fservice%2Fphotos%2F1%2Fcomments%2Ffinish_guest_create with {} and HTTP headers {"HTTP_REFERER"=>"http://www.example.com/user1/foo-bar-album/photos/#!1"}
REQUESTING PAGE: GET https://www.example.com/signin?return_to=%2Fservice%2Fphotos%2F1%2Fcomments%2Ffinish_guest_create with {} and HTTP headers {"HTTP_REFERER"=>"/signin?return_to=%2Fservice%2Fphotos%2F1%2Fcomments%2Ffinish_guest_create"}
REQUESTING PAGE: GET http://www.example.com/user1/foo-bar-album/photos/#!1 with {} and HTTP headers {}
REQUESTING PAGE: GET /signin?return_to=%2Fservice%2Fphotos%2F1%2Fcomments%2Ffinish_guest_create with {} and HTTP headers {"HTTP_REFERER"=>"http://www.example.com/user1/foo-bar-album/photos/#!1"}
REQUESTING PAGE: GET https://www.example.com/signin?return_to=%2Fservice%2Fphotos%2F1%2Fcomments%2Ffinish_guest_create with {} and HTTP headers {"HTTP_REFERER"=>"/signin?return_to=%2Fservice%2Fphotos%2F1%2Fcomments%2Ffinish_guest_create"}
REQUESTING PAGE: GET http://www.example.com/user1/foo-bar-album/photos/#!1 with {} and HTTP headers {}
REQUESTING PAGE: GET /signin?return_to=%2Fservice%2Fphotos%2F1%2Fcomments%2Ffinish_guest_create with {} and HTTP headers {"HTTP_REFERER"=>"http://www.example.com/user1/foo-bar-album/photos/#!1"}
REQUESTING PAGE: GET https://www.example.com/signin?return_to=%2Fservice%2Fphotos%2F1%2Fcomments%2Ffinish_guest_create with {} and HTTP headers {"HTTP_REFERER"=>"/signin?return_to=%2Fservice%2Fphotos%2F1%2Fcomments%2Ffinish_guest_create"}
REQUESTING PAGE: GET http://www.example.com/user1/foo-bar-album/photos/#!1 with {} and HTTP headers {}
REQUESTING PAGE: GET /signin?return_to=%2Fservice%2Fphotos%2F1%2Fcomments%2Ffinish_guest_create with {} and HTTP headers {"HTTP_REFERER"=>"http://www.example.com/user1/foo-bar-album/photos/#!1"}
REQUESTING PAGE: GET https://www.example.com/signin?return_to=%2Fservice%2Fphotos%2F1%2Fcomments%2Ffinish_guest_create with {} and HTTP headers {"HTTP_REFERER"=>"/signin?return_to=%2Fservice%2Fphotos%2F1%2Fcomments%2Ffinish_guest_create"}
REQUESTING PAGE: GET http://www.example.com/user1/foo-bar-album/photos/#!1 with {} and HTTP headers {}
REQUESTING PAGE: GET /signin?return_to=%2Fservice%2Fphotos%2F1%2Fcomments%2Ffinish_guest_create with {} and HTTP headers {"HTTP_REFERER"=>"http://www.example.com/user1/foo-bar-album/photos/#!1"}
REQUESTING PAGE: GET https://www.example.com/signin?return_to=%2Fservice%2Fphotos%2F1%2Fcomments%2Ffinish_guest_create with {} and HTTP headers {"HTTP_REFERER"=>"/signin?return_to=%2Fservice%2Fphotos%2F1%2Fcomments%2Ffinish_guest_create"}
REQUESTING PAGE: GET http://www.example.com/user1/foo-bar-album/photos/#!1 with {} and HTTP headers {}
REQUESTING PAGE: GET /signin?return_to=%2Fservice%2Fphotos%2F1%2Fcomments%2Ffinish_guest_create with {} and HTTP headers {"HTTP_REFERER"=>"http://www.example.com/user1/foo-bar-album/photos/#!1"}
REQUESTING PAGE: GET https://www.example.com/signin?return_to=%2Fservice%2Fphotos%2F1%2Fcomments%2Ffinish_guest_create with {} and HTTP headers {"HTTP_REFERER"=>"/signin?return_to=%2Fservice%2Fphotos%2F1%2Fcomments%2Ffinish_guest_create"}
REQUESTING PAGE: GET http://www.example.com/user1/foo-bar-album/photos/#!1 with {} and HTTP headers {}
REQUESTING PAGE: GET /signin?return_to=%2Fservice%2Fphotos%2F1%2Fcomments%2Ffinish_guest_create with {} and HTTP headers {"HTTP_REFERER"=>"http://www.example.com/user1/foo-bar-album/photos/#!1"}
REQUESTING PAGE: GET https://www.example.com/signin?return_to=%2Fservice%2Fphotos%2F1%2Fcomments%2Ffinish_guest_create with {} and HTTP headers {"HTTP_REFERER"=>"/signin?return_to=%2Fservice%2Fphotos%2F1%2Fcomments%2Ffinish_guest_create"}
REQUESTING PAGE: GET http://www.example.com/user1/foo-bar-album/photos/#!1 with {} and HTTP headers {}
REQUESTING PAGE: GET /signin?return_to=%2Fservice%2Fphotos%2F1%2Fcomments%2Ffinish_guest_create with {} and HTTP headers {"HTTP_REFERER"=>"http://www.example.com/user1/foo-bar-album/photos/#!1"}
REQUESTING PAGE: GET https://www.example.com/signin?return_to=%2Fservice%2Fphotos%2F1%2Fcomments%2Ffinish_guest_create with {} and HTTP headers {"HTTP_REFERER"=>"/signin?return_to=%2Fservice%2Fphotos%2F1%2Fcomments%2Ffinish_guest_create"}
REQUESTING PAGE: GET http://www.example.com/user1/foo-bar-album/photos/#!1 with {} and HTTP headers {}
REQUESTING PAGE: GET /signin?return_to=%2Fservice%2Fphotos%2F1%2Fcomments%2Ffinish_guest_create with {} and HTTP headers {"HTTP_REFERER"=>"http://www.example.com/user1/foo-bar-album/photos/#!1"}
REQUESTING PAGE: GET https://www.example.com/signin?return_to=%2Fservice%2Fphotos%2F1%2Fcomments%2Ffinish_guest_create with {} and HTTP headers {"HTTP_REFERER"=>"/signin?return_to=%2Fservice%2Fphotos%2F1%2Fcomments%2Ffinish_guest_create"}
REQUESTING PAGE: GET http://www.example.com/user1/foo-bar-album/photos/#!1 with {} and HTTP headers {}
REQUESTING PAGE: GET /signin?return_to=%2Fservice%2Fphotos%2F1%2Fcomments%2Ffinish_guest_create with {} and HTTP headers {"HTTP_REFERER"=>"http://www.example.com/user1/foo-bar-album/photos/#!1"}
REQUESTING PAGE: GET https://www.example.com/signin?return_to=%2Fservice%2Fphotos%2F1%2Fcomments%2Ffinish_guest_create with {} and HTTP headers {"HTTP_REFERER"=>"/signin?return_to=%2Fservice%2Fphotos%2F1%2Fcomments%2Ffinish_guest_create"}
REQUESTING PAGE: GET http://www.example.com/user1/foo-bar-album/photos/#!1 with {} and HTTP headers {}
REQUESTING PAGE: GET /signin?return_to=%2Fservice%2Fphotos%2F1%2Fcomments%2Ffinish_guest_create with {} and HTTP headers {"HTTP_REFERER"=>"http://www.example.com/user1/foo-bar-album/photos/#!1"}
REQUESTING PAGE: GET https://www.example.com/signin?return_to=%2Fservice%2Fphotos%2F1%2Fcomments%2Ffinish_guest_create with {} and HTTP headers {"HTTP_REFERER"=>"/signin?return_to=%2Fservice%2Fphotos%2F1%2Fcomments%2Ffinish_guest_create"}
REQUESTING PAGE: GET http://www.example.com/user1/foo-bar-album/photos/#!1 with {} and HTTP headers {}
REQUESTING PAGE: GET /signin?return_to=%2Fservice%2Fphotos%2F1%2Fcomments%2Ffinish_guest_create with {} and HTTP headers {"HTTP_REFERER"=>"http://www.example.com/user1/foo-bar-album/photos/#!1"}
REQUESTING PAGE: GET https://www.example.com/signin?return_to=%2Fservice%2Fphotos%2F1%2Fcomments%2Ffinish_guest_create with {} and HTTP headers {"HTTP_REFERER"=>"/signin?return_to=%2Fservice%2Fphotos%2F1%2Fcomments%2Ffinish_guest_create"}
REQUESTING PAGE: GET http://www.example.com/user1/foo-bar-album/photos/#!1 with {} and HTTP headers {}
REQUESTING PAGE: GET /signin?return_to=%2Fservice%2Fphotos%2F1%2Fcomments%2Ffinish_guest_create with {} and HTTP headers {"HTTP_REFERER"=>"http://www.example.com/user1/foo-bar-album/photos/#!1"}
REQUESTING PAGE: GET https://www.example.com/signin?return_to=%2Fservice%2Fphotos%2F1%2Fcomments%2Ffinish_guest_create with {} and HTTP headers {"HTTP_REFERER"=>"/signin?return_to=%2Fservice%2Fphotos%2F1%2Fcomments%2Ffinish_guest_create"}
REQUESTING PAGE: GET http://www.example.com/user1/foo-bar-album/photos/#!1 with {} and HTTP headers {}
REQUESTING PAGE: GET /signin?return_to=%2Fservice%2Fphotos%2F1%2Fcomments%2Ffinish_guest_create with {} and HTTP headers {"HTTP_REFERER"=>"http://www.example.com/user1/foo-bar-album/photos/#!1"}
REQUESTING PAGE: GET https://www.example.com/signin?return_to=%2Fservice%2Fphotos%2F1%2Fcomments%2Ffinish_guest_create with {} and HTTP headers {"HTTP_REFERER"=>"/signin?return_to=%2Fservice%2Fphotos%2F1%2Fcomments%2Ffinish_guest_create"}
