# Logfile created on Tue May 25 07:36:24 -0700 2010  [4;36;1mSQL (0.2ms)[0m   [0;1m SELECT name
 FROM sqlite_master
 WHERE type = 'table' AND NOT name = 'sqlite_sequence'
[0m
  [4;35;1mSQL (0.4ms)[0m   [0mselect sqlite_version(*)[0m
  [4;36;1mSQL (2.3ms)[0m   [0;1mCREATE TABLE "schema_migrations" ("version" varchar(255) NOT NULL) [0m
  [4;35;1mSQL (2.3ms)[0m   [0mCREATE UNIQUE INDEX "unique_schema_migrations" ON "schema_migrations" ("version")[0m
  [4;36;1mSQL (0.2ms)[0m   [0;1m SELECT name
 FROM sqlite_master
 WHERE type = 'table' AND NOT name = 'sqlite_sequence'
[0m
  [4;35;1mSQL (0.1ms)[0m   [0mSELECT version FROM schema_migrations[0m
Migrating to CreateUsers (20100420184927)
  [4;36;1mSQL (0.5ms)[0m   [0;1mCREATE TABLE "users" ("id" INTEGER PRIMARY KEY AUTOINCREMENT NOT NULL, "name" varchar(255), "email" varchar(255), "created_at" datetime, "updated_at" datetime) [0m
  [4;35;1mSQL (0.1ms)[0m   [0mINSERT INTO schema_migrations (version) VALUES ('20100420184927')[0m
Migrating to AddEmailUniquenessIndex (20100420194845)
  [4;36;1mSQL (0.6ms)[0m   [0;1mCREATE UNIQUE INDEX "index_users_on_email" ON "users" ("email")[0m
  [4;35;1mSQL (0.1ms)[0m   [0mINSERT INTO schema_migrations (version) VALUES ('20100420194845')[0m
Migrating to AddPasswordToUsers (20100420225934)
  [4;36;1mSQL (0.5ms)[0m   [0;1mALTER TABLE "users" ADD "encrypted_password" varchar(255)[0m
  [4;35;1mSQL (0.1ms)[0m   [0mINSERT INTO schema_migrations (version) VALUES ('20100420225934')[0m
Migrating to AddSaltToUsers (20100420231204)
  [4;36;1mSQL (0.5ms)[0m   [0;1mALTER TABLE "users" ADD "salt" varchar(255)[0m
  [4;35;1mSQL (0.1ms)[0m   [0mINSERT INTO schema_migrations (version) VALUES ('20100420231204')[0m
Migrating to AddRememberTokenToUsers (20100421041019)
  [4;36;1mSQL (0.5ms)[0m   [0;1mALTER TABLE "users" ADD "remember_token" varchar(255)[0m
  [4;35;1mSQL (0.2ms)[0m   [0mCREATE INDEX "index_users_on_remember_token" ON "users" ("remember_token")[0m
  [4;36;1mSQL (0.1ms)[0m   [0;1mINSERT INTO schema_migrations (version) VALUES ('20100421041019')[0m
Migrating to AddAdminToUsers (20100510215416)
  [4;35;1mSQL (0.4ms)[0m   [0mALTER TABLE "users" ADD "admin" boolean[0m
  [4;36;1mSQL (0.1ms)[0m   [0;1mINSERT INTO schema_migrations (version) VALUES ('20100510215416')[0m
Migrating to CreateAlbums (20100511211207)
  [4;35;1mSQL (0.5ms)[0m   [0mCREATE TABLE "albums" ("id" INTEGER PRIMARY KEY AUTOINCREMENT NOT NULL, "user_id" integer, "created_at" datetime, "updated_at" datetime) [0m
  [4;36;1mSQL (0.1ms)[0m   [0;1mCREATE INDEX "index_albums_on_user_id" ON "albums" ("user_id")[0m
  [4;35;1mSQL (0.1ms)[0m   [0mINSERT INTO schema_migrations (version) VALUES ('20100511211207')[0m
Migrating to AddNameToAlbums (20100511213954)
  [4;36;1mSQL (0.4ms)[0m   [0;1mALTER TABLE "albums" ADD "name" varchar(255)[0m
  [4;35;1mSQL (0.1ms)[0m   [0mINSERT INTO schema_migrations (version) VALUES ('20100511213954')[0m
Migrating to CreatePhotos (20100511234653)
  [4;36;1mSQL (0.5ms)[0m   [0;1mCREATE TABLE "photos" ("id" INTEGER PRIMARY KEY AUTOINCREMENT NOT NULL, "album_id" integer, "created_at" datetime, "updated_at" datetime) [0m
  [4;35;1mSQL (0.1ms)[0m   [0mCREATE INDEX "index_photos_on_album_id" ON "photos" ("album_id")[0m
  [4;36;1mSQL (0.1ms)[0m   [0;1mINSERT INTO schema_migrations (version) VALUES ('20100511234653')[0m
Migrating to AddUserIdToPhoto (20100511235524)
  [4;35;1mSQL (0.4ms)[0m   [0mALTER TABLE "photos" ADD "user_id" integer[0m
  [4;36;1mSQL (0.1ms)[0m   [0;1mINSERT INTO schema_migrations (version) VALUES ('20100511235524')[0m
Migrating to AddImageToPhoto (20100513233433)
  [4;35;1mSQL (0.5ms)[0m   [0mALTER TABLE "photos" ADD "image_file_name" varchar(255)[0m
  [4;36;1mSQL (0.2ms)[0m   [0;1mALTER TABLE "photos" ADD "image_content_type" varchar(255)[0m
  [4;35;1mSQL (0.2ms)[0m   [0mALTER TABLE "photos" ADD "image_file_size" integer[0m
  [4;36;1mSQL (0.2ms)[0m   [0;1mALTER TABLE "photos" ADD "image_updated_at" datetime[0m
  [4;35;1mSQL (0.1ms)[0m   [0mINSERT INTO schema_migrations (version) VALUES ('20100513233433')[0m
Migrating to CreateIdentities (20100525180900)
  [4;36;1mSQL (0.6ms)[0m   [0;1m SELECT name
 FROM sqlite_master
 WHERE type = 'table' AND NOT name = 'sqlite_sequence'
[0m
  [4;35;1mSQL (0.4ms)[0m   [0mSELECT version FROM schema_migrations[0m
Migrating to CreateUsers (20100420184927)
Migrating to AddEmailUniquenessIndex (20100420194845)
Migrating to AddPasswordToUsers (20100420225934)
Migrating to AddSaltToUsers (20100420231204)
Migrating to AddRememberTokenToUsers (20100421041019)
Migrating to AddAdminToUsers (20100510215416)
Migrating to CreateAlbums (20100511211207)
Migrating to AddNameToAlbums (20100511213954)
Migrating to CreatePhotos (20100511234653)
Migrating to AddUserIdToPhoto (20100511235524)
Migrating to AddImageToPhoto (20100513233433)
Migrating to CreateIdentities (20100525180900)
  [4;36;1mSQL (0.1ms)[0m   [0;1mselect sqlite_version(*)[0m
  [4;35;1mSQL (0.8ms)[0m   [0mCREATE TABLE "identities" ("id" INTEGER PRIMARY KEY AUTOINCREMENT NOT NULL, "credentials" varchar(255), "last_contact_refresh" datetime, "identity_source" varchar(255), "created_at" datetime, "updated_at" datetime) [0m
  [4;36;1mSQL (0.1ms)[0m   [0;1mINSERT INTO schema_migrations (version) VALUES ('20100525180900')[0m
Migrating to CreateContacts (20100525181117)
  [4;36;1mSQL (0.6ms)[0m   [0;1m SELECT name
 FROM sqlite_master
 WHERE type = 'table' AND NOT name = 'sqlite_sequence'
[0m
  [4;35;1mSQL (0.4ms)[0m   [0mSELECT version FROM schema_migrations[0m
Migrating to CreateUsers (20100420184927)
Migrating to AddEmailUniquenessIndex (20100420194845)
Migrating to AddPasswordToUsers (20100420225934)
Migrating to AddSaltToUsers (20100420231204)
Migrating to AddRememberTokenToUsers (20100421041019)
Migrating to AddAdminToUsers (20100510215416)
Migrating to CreateAlbums (20100511211207)
Migrating to AddNameToAlbums (20100511213954)
Migrating to CreatePhotos (20100511234653)
Migrating to AddUserIdToPhoto (20100511235524)
Migrating to AddImageToPhoto (20100513233433)
Migrating to CreateIdentities (20100525180900)
Migrating to CreateContacts (20100525181117)
  [4;36;1mSQL (0.1ms)[0m   [0;1mselect sqlite_version(*)[0m
  [4;35;1mSQL (0.5ms)[0m   [0mCREATE TABLE "contacts" ("id" INTEGER PRIMARY KEY AUTOINCREMENT NOT NULL, "name" varchar(255), "address" varchar(255), "created_at" datetime, "updated_at" datetime) [0m
  [4;36;1mSQL (0.1ms)[0m   [0;1mINSERT INTO schema_migrations (version) VALUES ('20100525181117')[0m
  [4;35;1mSQL (0.4ms)[0m   [0m SELECT name
 FROM sqlite_master
 WHERE type = 'table' AND NOT name = 'sqlite_sequence'
[0m
  [4;36;1mSQL (0.4ms)[0m   [0;1mSELECT version FROM schema_migrations[0m
  [4;35;1mSQL (0.3ms)[0m   [0m SELECT name
 FROM sqlite_master
 WHERE type = 'table' AND NOT name = 'sqlite_sequence'
[0m
  [4;36;1mSQL (0.1ms)[0m   [0;1mPRAGMA index_list("albums")[0m
  [4;35;1mSQL (0.1ms)[0m   [0mPRAGMA index_info('index_albums_on_user_id')[0m
  [4;36;1mSQL (0.0ms)[0m   [0;1mPRAGMA index_list("contacts")[0m
  [4;35;1mSQL (0.0ms)[0m   [0mPRAGMA index_list("identities")[0m
  [4;36;1mSQL (0.1ms)[0m   [0;1mPRAGMA index_list("photos")[0m
  [4;35;1mSQL (0.1ms)[0m   [0mPRAGMA index_info('index_photos_on_album_id')[0m
  [4;36;1mSQL (0.2ms)[0m   [0;1mPRAGMA index_list("users")[0m
  [4;35;1mSQL (0.1ms)[0m   [0mPRAGMA index_info('index_users_on_remember_token')[0m
  [4;36;1mSQL (0.1ms)[0m   [0;1mPRAGMA index_info('index_users_on_email')[0m


Processing PagesController#home (for 127.0.0.1 at 2010-05-25 11:17:04) [GET]
  Parameters: {"action"=>"home", "controller"=>"pages"}
  [4;36;1mUser Load (0.2ms)[0m   [0;1mSELECT * FROM "users" WHERE ("users"."remember_token" = 'bc683c983b92c8b4c7d4b20c4d6d185dc4149309a79cf226e9082e69085c48a4') LIMIT 1[0m
Rendering template within layouts/application
Rendering pages/home
  [4;35;1mCACHE (0.0ms)[0m   [0mSELECT * FROM "users" WHERE ("users"."remember_token" = 'bc683c983b92c8b4c7d4b20c4d6d185dc4149309a79cf226e9082e69085c48a4') LIMIT 1[0m
Rendered layouts/_javascript (1.7ms)
Rendered layouts/_stylesheets (1.5ms)
  [4;36;1mCACHE (0.0ms)[0m   [0;1mSELECT * FROM "users" WHERE ("users"."remember_token" = 'bc683c983b92c8b4c7d4b20c4d6d185dc4149309a79cf226e9082e69085c48a4') LIMIT 1[0m
  [4;35;1mCACHE (0.0ms)[0m   [0mSELECT * FROM "users" WHERE ("users"."remember_token" = 'bc683c983b92c8b4c7d4b20c4d6d185dc4149309a79cf226e9082e69085c48a4') LIMIT 1[0m
Rendered layouts/_header (2.2ms)
Rendered layouts/_footer (0.8ms)
Completed in 180ms (View: 166, DB: 0) | 200 OK [http://localhost/]


Processing PagesController#home (for 127.0.0.1 at 2010-05-25 11:17:11) [GET]
  Parameters: {"action"=>"home", "controller"=>"pages"}
  [4;36;1mUser Load (0.2ms)[0m   [0;1mSELECT * FROM "users" WHERE ("users"."remember_token" = 'bc683c983b92c8b4c7d4b20c4d6d185dc4149309a79cf226e9082e69085c48a4') LIMIT 1[0m
Rendering template within layouts/application
Rendering pages/home
  [4;35;1mCACHE (0.0ms)[0m   [0mSELECT * FROM "users" WHERE ("users"."remember_token" = 'bc683c983b92c8b4c7d4b20c4d6d185dc4149309a79cf226e9082e69085c48a4') LIMIT 1[0m
Rendered layouts/_javascript (0.6ms)
Rendered layouts/_stylesheets (0.5ms)
  [4;36;1mCACHE (0.0ms)[0m   [0;1mSELECT * FROM "users" WHERE ("users"."remember_token" = 'bc683c983b92c8b4c7d4b20c4d6d185dc4149309a79cf226e9082e69085c48a4') LIMIT 1[0m
  [4;35;1mCACHE (0.0ms)[0m   [0mSELECT * FROM "users" WHERE ("users"."remember_token" = 'bc683c983b92c8b4c7d4b20c4d6d185dc4149309a79cf226e9082e69085c48a4') LIMIT 1[0m
Rendered layouts/_header (1.0ms)
Rendered layouts/_footer (0.2ms)
Completed in 18ms (View: 6, DB: 0) | 200 OK [http://localhost/]


Processing SessionsController#new (for 127.0.0.1 at 2010-05-25 11:17:13) [GET]
  Parameters: {"action"=>"new", "controller"=>"sessions"}
Rendering template within layouts/application
Rendering sessions/new
Rendered layouts/_javascript (0.6ms)
Rendered layouts/_stylesheets (0.5ms)
  [4;36;1mUser Load (0.2ms)[0m   [0;1mSELECT * FROM "users" WHERE ("users"."remember_token" = 'bc683c983b92c8b4c7d4b20c4d6d185dc4149309a79cf226e9082e69085c48a4') LIMIT 1[0m
  [4;35;1mCACHE (0.0ms)[0m   [0mSELECT * FROM "users" WHERE ("users"."remember_token" = 'bc683c983b92c8b4c7d4b20c4d6d185dc4149309a79cf226e9082e69085c48a4') LIMIT 1[0m
Rendered layouts/_header (9.6ms)
Rendered layouts/_footer (0.2ms)
Completed in 24ms (View: 22, DB: 0) | 200 OK [http://localhost/signin]


Processing SessionsController#create (for 127.0.0.1 at 2010-05-25 11:17:21) [POST]
  Parameters: {"commit"=>"Sign in", "session"=>{"password"=>"[FILTERED]", "email"=>"jeremyhermann@gmail.com"}, "action"=>"create", "controller"=>"sessions"}
  [4;36;1mUser Load (0.2ms)[0m   [0;1mSELECT * FROM "users" WHERE ("users"."email" = 'jeremyhermann@gmail.com') LIMIT 1[0m
Rendering template within layouts/application
Rendering sessions/new
Rendered layouts/_javascript (0.7ms)
Rendered layouts/_stylesheets (0.5ms)
  [4;35;1mUser Load (0.2ms)[0m   [0mSELECT * FROM "users" WHERE ("users"."remember_token" = 'bc683c983b92c8b4c7d4b20c4d6d185dc4149309a79cf226e9082e69085c48a4') LIMIT 1[0m
  [4;36;1mCACHE (0.0ms)[0m   [0;1mSELECT * FROM "users" WHERE ("users"."remember_token" = 'bc683c983b92c8b4c7d4b20c4d6d185dc4149309a79cf226e9082e69085c48a4') LIMIT 1[0m
Rendered layouts/_header (1.5ms)
Rendered layouts/_footer (0.2ms)
Completed in 15ms (View: 7, DB: 0) | 200 OK [http://localhost/sessions]


Processing SessionsController#new (for 127.0.0.1 at 2010-05-25 11:17:26) [GET]
  Parameters: {"action"=>"new", "controller"=>"sessions"}
Rendering template within layouts/application
Rendering sessions/new
Rendered layouts/_javascript (0.6ms)
Rendered layouts/_stylesheets (0.5ms)
  [4;35;1mUser Load (0.2ms)[0m   [0mSELECT * FROM "users" WHERE ("users"."remember_token" = 'bc683c983b92c8b4c7d4b20c4d6d185dc4149309a79cf226e9082e69085c48a4') LIMIT 1[0m
  [4;36;1mCACHE (0.0ms)[0m   [0;1mSELECT * FROM "users" WHERE ("users"."remember_token" = 'bc683c983b92c8b4c7d4b20c4d6d185dc4149309a79cf226e9082e69085c48a4') LIMIT 1[0m
Rendered layouts/_header (8.0ms)
Rendered layouts/_footer (0.2ms)
Completed in 15ms (View: 13, DB: 0) | 200 OK [http://localhost/signin]


Processing UsersController#new (for 127.0.0.1 at 2010-05-25 11:17:29) [GET]
  Parameters: {"action"=>"new", "controller"=>"users"}
  [4;35;1mUser Load (0.2ms)[0m   [0mSELECT * FROM "users" WHERE ("users"."remember_token" = 'bc683c983b92c8b4c7d4b20c4d6d185dc4149309a79cf226e9082e69085c48a4') LIMIT 1[0m
Rendering template within layouts/application
Rendering users/new
Rendered users/_fields (4.8ms)
Rendered layouts/_javascript (0.7ms)
Rendered layouts/_stylesheets (0.5ms)
  [4;36;1mCACHE (0.0ms)[0m   [0;1mSELECT * FROM "users" WHERE ("users"."remember_token" = 'bc683c983b92c8b4c7d4b20c4d6d185dc4149309a79cf226e9082e69085c48a4') LIMIT 1[0m
  [4;35;1mCACHE (0.0ms)[0m   [0mSELECT * FROM "users" WHERE ("users"."remember_token" = 'bc683c983b92c8b4c7d4b20c4d6d185dc4149309a79cf226e9082e69085c48a4') LIMIT 1[0m
Rendered layouts/_header (1.0ms)
Rendered layouts/_footer (0.2ms)
Completed in 28ms (View: 20, DB: 0) | 200 OK [http://localhost/signup]


Processing UsersController#create (for 127.0.0.1 at 2010-05-25 11:17:40) [POST]
  Parameters: {"commit"=>"Sign up", "action"=>"create", "controller"=>"users", "user"=>{"name"=>"jeremy", "password_confirmation"=>"[FILTERED]", "password"=>"[FILTERED]", "email"=>"jeremyhermann@gmail.com"}}
  [4;36;1mUser Load (0.2ms)[0m   [0;1mSELECT * FROM "users" WHERE ("users"."remember_token" = 'bc683c983b92c8b4c7d4b20c4d6d185dc4149309a79cf226e9082e69085c48a4') LIMIT 1[0m
  [4;35;1mUser Load (0.2ms)[0m   [0mSELECT "users".id FROM "users" WHERE (LOWER("users"."email") = 'jeremyhermann@gmail.com') LIMIT 1[0m
  [4;36;1mUser Create (0.6ms)[0m   [0;1mINSERT INTO "users" ("name", "encrypted_password", "salt", "created_at", "updated_at", "admin", "remember_token", "email") VALUES('jeremy', '7a5ba43244f27e36d0322b0a0f35a0a3ad1c39f2927609148a869c29181d962f', 'eb5a81796867dcdb9e1d74600408250c1859383f53074058aa7c63e12cf07a81', '2010-05-25 18:17:40', '2010-05-25 18:17:40', NULL, NULL, 'jeremyhermann@gmail.com')[0m
  [4;35;1mUser Update (2.6ms)[0m   [0mUPDATE "users" SET "updated_at" = '2010-05-25 18:17:40', "remember_token" = '0fa94085a8fdcc3a377eebc115359b65a84591389e3c75234bd2e7c3769ed17c' WHERE "id" = 1[0m
Redirected to http://localhost:3000/users/1
Completed in 382ms (DB: 3) | 302 Found [http://localhost/users]


Processing UsersController#show (for 127.0.0.1 at 2010-05-25 11:17:40) [GET]
  Parameters: {"action"=>"show", "id"=>"1", "controller"=>"users"}
  [4;36;1mUser Load (0.3ms)[0m   [0;1mSELECT * FROM "users" WHERE ("users"."id" = 1) [0m
  [4;35;1mAlbum Load (0.3ms)[0m   [0mSELECT * FROM "albums" WHERE ("albums".user_id = 1) ORDER BY created_at DESC LIMIT 30 OFFSET 0[0m
Rendering template within layouts/application
Rendering users/show
  [4;36;1mSQL (0.2ms)[0m   [0;1mSELECT count(*) AS count_all FROM "albums" WHERE ("albums".user_id = 1) [0m
  [4;35;1mUser Load (0.3ms)[0m   [0mSELECT * FROM "users" WHERE ("users"."remember_token" = '0fa94085a8fdcc3a377eebc115359b65a84591389e3c75234bd2e7c3769ed17c') LIMIT 1[0m
  [4;36;1mCACHE (0.0ms)[0m   [0;1mSELECT count(*) AS count_all FROM "albums" WHERE ("albums".user_id = 1) [0m
Rendered layouts/_javascript (0.6ms)
Rendered layouts/_stylesheets (0.5ms)
Rendered layouts/_header (1.7ms)
Rendered layouts/_footer (0.2ms)
Completed in 42ms (View: 13, DB: 1) | 200 OK [http://localhost/users/1]


Processing AlbumsController#new (for 127.0.0.1 at 2010-05-25 11:17:46) [GET]
  Parameters: {"action"=>"new", "user_id"=>"1", "controller"=>"albums"}
  [4;35;1mUser Load (0.3ms)[0m   [0mSELECT * FROM "users" WHERE ("users"."remember_token" = '0fa94085a8fdcc3a377eebc115359b65a84591389e3c75234bd2e7c3769ed17c') LIMIT 1[0m
Rendering template within layouts/application
Rendering albums/new
Rendered albums/_fields (7.8ms)
Rendered layouts/_javascript (0.6ms)
Rendered layouts/_stylesheets (0.5ms)
Rendered layouts/_header (1.9ms)
Rendered layouts/_footer (0.2ms)
Completed in 99ms (View: 87, DB: 0) | 200 OK [http://localhost/users/1/albums/new?]


Processing AlbumsController#create (for 127.0.0.1 at 2010-05-25 11:17:51) [POST]
  Parameters: {"commit"=>"Create Album", "action"=>"create", "user_id"=>"1", "album"=>{"name"=>"test"}, "controller"=>"albums"}
  [4;36;1mUser Load (0.3ms)[0m   [0;1mSELECT * FROM "users" WHERE ("users"."remember_token" = '0fa94085a8fdcc3a377eebc115359b65a84591389e3c75234bd2e7c3769ed17c') LIMIT 1[0m
The params hash in AlbumController create is {"commit"=>"Create Album", "action"=>"create", "album"=>{"name"=>"test"}, "user_id"=>"1", "controller"=>"albums"}
  [4;35;1mAlbum Create (0.4ms)[0m   [0mINSERT INTO "albums" ("name", "created_at", "updated_at", "user_id") VALUES('test', '2010-05-25 18:17:51', '2010-05-25 18:17:51', 1)[0m
Redirected to http://localhost:3000/albums/1
Completed in 23ms (DB: 1) | 302 Found [http://localhost/users/1/albums]


Processing AlbumsController#show (for 127.0.0.1 at 2010-05-25 11:17:51) [GET]
  Parameters: {"action"=>"show", "id"=>"1", "controller"=>"albums"}
  [4;36;1mUser Load (0.3ms)[0m   [0;1mSELECT * FROM "users" WHERE ("users"."remember_token" = '0fa94085a8fdcc3a377eebc115359b65a84591389e3c75234bd2e7c3769ed17c') LIMIT 1[0m
  [4;35;1mAlbum Load (0.4ms)[0m   [0mSELECT * FROM "albums" WHERE ("albums"."id" = 1) ORDER BY created_at DESC[0m
  [4;36;1mUser Load (0.4ms)[0m   [0;1mSELECT * FROM "users" WHERE ("users"."id" = 1) [0m
  [4;35;1mPhoto Load (0.3ms)[0m   [0mSELECT * FROM "photos" WHERE ("photos".album_id = 1) ORDER BY created_at DESC LIMIT 30 OFFSET 0[0m
Rendering template within layouts/application
Rendering albums/show
  [4;36;1mPhoto Load (0.3ms)[0m   [0;1mSELECT * FROM "photos" WHERE ("photos".album_id = 1) ORDER BY created_at DESC[0m
Rendered layouts/_javascript (0.6ms)
Rendered layouts/_stylesheets (0.5ms)
Rendered layouts/_header (2.0ms)
Rendered layouts/_footer (0.2ms)
Completed in 42ms (View: 15, DB: 2) | 200 OK [http://localhost/albums/1]


Processing ApplicationController#index (for 127.0.0.1 at 2010-05-25 11:17:56) [GET]

ActionController::RoutingError (No route matches "/google_connect" with {:method=>:get}):
  /Users/hopemeng/.rvm/rubies/ruby-1.8.7-p249/lib/ruby/1.8/webrick/httpserver.rb:104:in `service'
  /Users/hopemeng/.rvm/rubies/ruby-1.8.7-p249/lib/ruby/1.8/webrick/httpserver.rb:65:in `run'
  /Users/hopemeng/.rvm/rubies/ruby-1.8.7-p249/lib/ruby/1.8/webrick/server.rb:173:in `start_thread'
  /Users/hopemeng/.rvm/rubies/ruby-1.8.7-p249/lib/ruby/1.8/webrick/server.rb:162:in `start'
  /Users/hopemeng/.rvm/rubies/ruby-1.8.7-p249/lib/ruby/1.8/webrick/server.rb:162:in `start_thread'
  /Users/hopemeng/.rvm/rubies/ruby-1.8.7-p249/lib/ruby/1.8/webrick/server.rb:95:in `start'
  /Users/hopemeng/.rvm/rubies/ruby-1.8.7-p249/lib/ruby/1.8/webrick/server.rb:92:in `each'
  /Users/hopemeng/.rvm/rubies/ruby-1.8.7-p249/lib/ruby/1.8/webrick/server.rb:92:in `start'
  /Users/hopemeng/.rvm/rubies/ruby-1.8.7-p249/lib/ruby/1.8/webrick/server.rb:23:in `start'
  /Users/hopemeng/.rvm/rubies/ruby-1.8.7-p249/lib/ruby/1.8/webrick/server.rb:82:in `start'
  -e:1:in `load'
  -e:1

Rendering rescues/layout (not_found)


Processing GoogleConnectController#update (for 127.0.0.1 at 2010-05-25 11:19:59) [GET]
  Parameters: {"action"=>"update", "controller"=>"google_connect"}

ActionController::UnknownAction (No action responded to update. Actions: authenticate, clear_return_to, current_user, current_user=, current_user?, deny_access, redirect_back_or, sign_in, sign_out, signed_in?, store_location, update_contacts, and user_from_remember_token):
  /Users/hopemeng/.rvm/rubies/ruby-1.8.7-p249/lib/ruby/1.8/webrick/httpserver.rb:104:in `service'
  /Users/hopemeng/.rvm/rubies/ruby-1.8.7-p249/lib/ruby/1.8/webrick/httpserver.rb:65:in `run'
  /Users/hopemeng/.rvm/rubies/ruby-1.8.7-p249/lib/ruby/1.8/webrick/server.rb:173:in `start_thread'
  /Users/hopemeng/.rvm/rubies/ruby-1.8.7-p249/lib/ruby/1.8/webrick/server.rb:162:in `start'
  /Users/hopemeng/.rvm/rubies/ruby-1.8.7-p249/lib/ruby/1.8/webrick/server.rb:162:in `start_thread'
  /Users/hopemeng/.rvm/rubies/ruby-1.8.7-p249/lib/ruby/1.8/webrick/server.rb:95:in `start'
  /Users/hopemeng/.rvm/rubies/ruby-1.8.7-p249/lib/ruby/1.8/webrick/server.rb:92:in `each'
  /Users/hopemeng/.rvm/rubies/ruby-1.8.7-p249/lib/ruby/1.8/webrick/server.rb:92:in `start'
  /Users/hopemeng/.rvm/rubies/ruby-1.8.7-p249/lib/ruby/1.8/webrick/server.rb:23:in `start'
  /Users/hopemeng/.rvm/rubies/ruby-1.8.7-p249/lib/ruby/1.8/webrick/server.rb:82:in `start'
  -e:1:in `load'
  -e:1

Rendering rescues/layout (not_found)


Processing GoogleConnectController#update (for 127.0.0.1 at 2010-05-25 11:20:09) [GET]
  Parameters: {"action"=>"update", "controller"=>"google_connect"}
Redirected to http://www.google.com
Completed in 2ms (DB: 0) | 302 Found [http://localhost/google_connect/update]


Processing ApplicationController#index (for 127.0.0.1 at 2010-05-25 11:21:10) [GET]

ActionController::RoutingError (No route matches "/google_connect" with {:method=>:get}):
  /Users/hopemeng/.rvm/rubies/ruby-1.8.7-p249/lib/ruby/1.8/webrick/httpserver.rb:104:in `service'
  /Users/hopemeng/.rvm/rubies/ruby-1.8.7-p249/lib/ruby/1.8/webrick/httpserver.rb:65:in `run'
  /Users/hopemeng/.rvm/rubies/ruby-1.8.7-p249/lib/ruby/1.8/webrick/server.rb:173:in `start_thread'
  /Users/hopemeng/.rvm/rubies/ruby-1.8.7-p249/lib/ruby/1.8/webrick/server.rb:162:in `start'
  /Users/hopemeng/.rvm/rubies/ruby-1.8.7-p249/lib/ruby/1.8/webrick/server.rb:162:in `start_thread'
  /Users/hopemeng/.rvm/rubies/ruby-1.8.7-p249/lib/ruby/1.8/webrick/server.rb:95:in `start'
  /Users/hopemeng/.rvm/rubies/ruby-1.8.7-p249/lib/ruby/1.8/webrick/server.rb:92:in `each'
  /Users/hopemeng/.rvm/rubies/ruby-1.8.7-p249/lib/ruby/1.8/webrick/server.rb:92:in `start'
  /Users/hopemeng/.rvm/rubies/ruby-1.8.7-p249/lib/ruby/1.8/webrick/server.rb:23:in `start'
  /Users/hopemeng/.rvm/rubies/ruby-1.8.7-p249/lib/ruby/1.8/webrick/server.rb:82:in `start'
  -e:1:in `load'
  -e:1

Rendering rescues/layout (not_found)


Processing GoogleConnectController#update (for 127.0.0.1 at 2010-05-25 11:21:23) [GET]
  Parameters: {"action"=>"update", "controller"=>"google_connect"}
Redirected to https://www.google.com/accounts/AuthSubRequest?next=http%3A%2F%2F12foot3.com%2Fauthsub%2Ftest&scope=http%3A%2F%2Fwww.google.com%2Fm8%2Ffeeds%2F&session=1&secure=0
Completed in 2ms (DB: 0) | 302 Found [http://localhost/google_connect/update]


Processing ApplicationController#index (for 127.0.0.1 at 2010-05-25 11:30:07) [GET]
  Parameters: {"token"=>"foo"}

ActionController::RoutingError (No route matches "/google_connect/receive_token" with {:method=>:get}):
  /Users/hopemeng/.rvm/rubies/ruby-1.8.7-p249/lib/ruby/1.8/webrick/httpserver.rb:104:in `service'
  /Users/hopemeng/.rvm/rubies/ruby-1.8.7-p249/lib/ruby/1.8/webrick/httpserver.rb:65:in `run'
  /Users/hopemeng/.rvm/rubies/ruby-1.8.7-p249/lib/ruby/1.8/webrick/server.rb:173:in `start_thread'
  /Users/hopemeng/.rvm/rubies/ruby-1.8.7-p249/lib/ruby/1.8/webrick/server.rb:162:in `start'
  /Users/hopemeng/.rvm/rubies/ruby-1.8.7-p249/lib/ruby/1.8/webrick/server.rb:162:in `start_thread'
  /Users/hopemeng/.rvm/rubies/ruby-1.8.7-p249/lib/ruby/1.8/webrick/server.rb:95:in `start'
  /Users/hopemeng/.rvm/rubies/ruby-1.8.7-p249/lib/ruby/1.8/webrick/server.rb:92:in `each'
  /Users/hopemeng/.rvm/rubies/ruby-1.8.7-p249/lib/ruby/1.8/webrick/server.rb:92:in `start'
  /Users/hopemeng/.rvm/rubies/ruby-1.8.7-p249/lib/ruby/1.8/webrick/server.rb:23:in `start'
  /Users/hopemeng/.rvm/rubies/ruby-1.8.7-p249/lib/ruby/1.8/webrick/server.rb:82:in `start'
  -e:1:in `load'
  -e:1

Rendering rescues/layout (not_found)


Processing GoogleConnectController#update (for 127.0.0.1 at 2010-05-25 11:31:32) [GET]
  Parameters: {"action"=>"update", "controller"=>"google_connect"}
Redirected to https://www.google.com/accounts/AuthSubRequest?next=http%3A%2F%2F12foot3.com%2Fauthsub%2Fredirect_to_localhost.html&scope=http%3A%2F%2Fwww.google.com%2Fm8%2Ffeeds%2F&session=1&secure=0
Completed in 2ms (DB: 0) | 302 Found [http://localhost/google_connect/update]


Processing ApplicationController#index (for 127.0.0.1 at 2010-05-25 11:31:36) [GET]
  Parameters: {"token"=>"CIuCn87oExD15ugcGNKCiOsC"}

ActionController::RoutingError (No route matches "/google_connect/receive_token" with {:method=>:get}):
  /Users/hopemeng/.rvm/rubies/ruby-1.8.7-p249/lib/ruby/1.8/webrick/httpserver.rb:104:in `service'
  /Users/hopemeng/.rvm/rubies/ruby-1.8.7-p249/lib/ruby/1.8/webrick/httpserver.rb:65:in `run'
  /Users/hopemeng/.rvm/rubies/ruby-1.8.7-p249/lib/ruby/1.8/webrick/server.rb:173:in `start_thread'
  /Users/hopemeng/.rvm/rubies/ruby-1.8.7-p249/lib/ruby/1.8/webrick/server.rb:162:in `start'
  /Users/hopemeng/.rvm/rubies/ruby-1.8.7-p249/lib/ruby/1.8/webrick/server.rb:162:in `start_thread'
  /Users/hopemeng/.rvm/rubies/ruby-1.8.7-p249/lib/ruby/1.8/webrick/server.rb:95:in `start'
  /Users/hopemeng/.rvm/rubies/ruby-1.8.7-p249/lib/ruby/1.8/webrick/server.rb:92:in `each'
  /Users/hopemeng/.rvm/rubies/ruby-1.8.7-p249/lib/ruby/1.8/webrick/server.rb:92:in `start'
  /Users/hopemeng/.rvm/rubies/ruby-1.8.7-p249/lib/ruby/1.8/webrick/server.rb:23:in `start'
  /Users/hopemeng/.rvm/rubies/ruby-1.8.7-p249/lib/ruby/1.8/webrick/server.rb:82:in `start'
  -e:1:in `load'
  -e:1

Rendering rescues/layout (not_found)


Processing GoogleConnectController#receive_token (for 127.0.0.1 at 2010-05-25 11:32:30) [GET]
  Parameters: {"token"=>"CIuCn87oExD15ugcGNKCiOsC", "action"=>"receive_token", "controller"=>"google_connect"}

ActionView::MissingTemplate (Missing template google_connect/receive_token.erb in view path app/views):
  /Users/hopemeng/.rvm/rubies/ruby-1.8.7-p249/lib/ruby/1.8/webrick/httpserver.rb:104:in `service'
  /Users/hopemeng/.rvm/rubies/ruby-1.8.7-p249/lib/ruby/1.8/webrick/httpserver.rb:65:in `run'
  /Users/hopemeng/.rvm/rubies/ruby-1.8.7-p249/lib/ruby/1.8/webrick/server.rb:173:in `start_thread'
  /Users/hopemeng/.rvm/rubies/ruby-1.8.7-p249/lib/ruby/1.8/webrick/server.rb:162:in `start'
  /Users/hopemeng/.rvm/rubies/ruby-1.8.7-p249/lib/ruby/1.8/webrick/server.rb:162:in `start_thread'
  /Users/hopemeng/.rvm/rubies/ruby-1.8.7-p249/lib/ruby/1.8/webrick/server.rb:95:in `start'
  /Users/hopemeng/.rvm/rubies/ruby-1.8.7-p249/lib/ruby/1.8/webrick/server.rb:92:in `each'
  /Users/hopemeng/.rvm/rubies/ruby-1.8.7-p249/lib/ruby/1.8/webrick/server.rb:92:in `start'
  /Users/hopemeng/.rvm/rubies/ruby-1.8.7-p249/lib/ruby/1.8/webrick/server.rb:23:in `start'
  /Users/hopemeng/.rvm/rubies/ruby-1.8.7-p249/lib/ruby/1.8/webrick/server.rb:82:in `start'
  -e:1:in `load'
  -e:1

Rendering rescues/layout (internal_server_error)


Processing GoogleConnectController#update (for 127.0.0.1 at 2010-05-25 11:37:07) [GET]
  Parameters: {"action"=>"update", "controller"=>"google_connect"}
Redirected to https://www.google.com/accounts/AuthSubRequest?next=http%3A%2F%2F12foot3.com%2Fauthsub%2Fredirect_to_localhost.html&scope=http%3A%2F%2Fwww.google.com%2Fm8%2Ffeeds%2F&session=1&secure=0
Completed in 2ms (DB: 0) | 302 Found [http://localhost/google_connect/update]


Processing GoogleConnectController#receive_token (for 127.0.0.1 at 2010-05-25 11:37:11) [GET]
  Parameters: {"token"=>"CIuCn87oExD9rPGdBBi7_LCTBw", "action"=>"receive_token", "controller"=>"google_connect"}

NoMethodError (You have a nil object when you didn't expect it!
You might have expected an instance of ActiveRecord::Base.
The error occurred while evaluating nil.[]):
  app/controllers/google_connect_controller.rb:22:in `receive_token'
  /Users/hopemeng/.rvm/rubies/ruby-1.8.7-p249/lib/ruby/1.8/webrick/httpserver.rb:104:in `service'
  /Users/hopemeng/.rvm/rubies/ruby-1.8.7-p249/lib/ruby/1.8/webrick/httpserver.rb:65:in `run'
  /Users/hopemeng/.rvm/rubies/ruby-1.8.7-p249/lib/ruby/1.8/webrick/server.rb:173:in `start_thread'
  /Users/hopemeng/.rvm/rubies/ruby-1.8.7-p249/lib/ruby/1.8/webrick/server.rb:162:in `start'
  /Users/hopemeng/.rvm/rubies/ruby-1.8.7-p249/lib/ruby/1.8/webrick/server.rb:162:in `start_thread'
  /Users/hopemeng/.rvm/rubies/ruby-1.8.7-p249/lib/ruby/1.8/webrick/server.rb:95:in `start'
  /Users/hopemeng/.rvm/rubies/ruby-1.8.7-p249/lib/ruby/1.8/webrick/server.rb:92:in `each'
  /Users/hopemeng/.rvm/rubies/ruby-1.8.7-p249/lib/ruby/1.8/webrick/server.rb:92:in `start'
  /Users/hopemeng/.rvm/rubies/ruby-1.8.7-p249/lib/ruby/1.8/webrick/server.rb:23:in `start'
  /Users/hopemeng/.rvm/rubies/ruby-1.8.7-p249/lib/ruby/1.8/webrick/server.rb:82:in `start'
  -e:1:in `load'
  -e:1

Rendered rescues/_trace (35.8ms)
Rendered rescues/_request_and_response (1.1ms)
Rendering rescues/layout (internal_server_error)


Processing GoogleConnectController#update (for 127.0.0.1 at 2010-05-25 11:39:05) [GET]
  Parameters: {"action"=>"update", "controller"=>"google_connect"}
Redirected to https://www.google.com/accounts/AuthSubRequest?next=http%3A%2F%2F12foot3.com%2Fauthsub%2Fredirect_to_localhost.html&scope=http%3A%2F%2Fwww.google.com%2Fm8%2Ffeeds%2F&session=1&secure=0
Completed in 2ms (DB: 0) | 302 Found [http://localhost/google_connect/update]


Processing GoogleConnectController#receive_token (for 127.0.0.1 at 2010-05-25 11:39:09) [GET]
  Parameters: {"token"=>"CIuCn87oExCTma-x-v____8BGO-K2p0C", "action"=>"receive_token", "controller"=>"google_connect"}

ActionView::MissingTemplate (Missing template google_connect/receive_token.erb in view path app/views):
  /Users/hopemeng/.rvm/rubies/ruby-1.8.7-p249/lib/ruby/1.8/webrick/httpserver.rb:104:in `service'
  /Users/hopemeng/.rvm/rubies/ruby-1.8.7-p249/lib/ruby/1.8/webrick/httpserver.rb:65:in `run'
  /Users/hopemeng/.rvm/rubies/ruby-1.8.7-p249/lib/ruby/1.8/webrick/server.rb:173:in `start_thread'
  /Users/hopemeng/.rvm/rubies/ruby-1.8.7-p249/lib/ruby/1.8/webrick/server.rb:162:in `start'
  /Users/hopemeng/.rvm/rubies/ruby-1.8.7-p249/lib/ruby/1.8/webrick/server.rb:162:in `start_thread'
  /Users/hopemeng/.rvm/rubies/ruby-1.8.7-p249/lib/ruby/1.8/webrick/server.rb:95:in `start'
  /Users/hopemeng/.rvm/rubies/ruby-1.8.7-p249/lib/ruby/1.8/webrick/server.rb:92:in `each'
  /Users/hopemeng/.rvm/rubies/ruby-1.8.7-p249/lib/ruby/1.8/webrick/server.rb:92:in `start'
  /Users/hopemeng/.rvm/rubies/ruby-1.8.7-p249/lib/ruby/1.8/webrick/server.rb:23:in `start'
  /Users/hopemeng/.rvm/rubies/ruby-1.8.7-p249/lib/ruby/1.8/webrick/server.rb:82:in `start'
  -e:1:in `load'
  -e:1

Rendering rescues/layout (internal_server_error)


Processing GoogleConnectController#update (for 127.0.0.1 at 2010-05-25 11:39:56) [GET]
  Parameters: {"action"=>"update", "controller"=>"google_connect"}
Redirected to https://www.google.com/accounts/AuthSubRequest?next=http%3A%2F%2F12foot3.com%2Fauthsub%2Fredirect_to_localhost.html&scope=http%3A%2F%2Fwww.google.com%2Fm8%2Ffeeds%2F&session=1&secure=0
Completed in 2ms (DB: 0) | 302 Found [http://localhost/google_connect/update]


Processing GoogleConnectController#receive_token (for 127.0.0.1 at 2010-05-25 11:40:00) [GET]
  Parameters: {"token"=>"CIuCn87oExC8sNHwBRjanqmcBw", "action"=>"receive_token", "controller"=>"google_connect"}

ActionView::MissingTemplate (Missing template google_connect/receive_token.erb in view path app/views):
  /Users/hopemeng/.rvm/rubies/ruby-1.8.7-p249/lib/ruby/1.8/webrick/httpserver.rb:104:in `service'
  /Users/hopemeng/.rvm/rubies/ruby-1.8.7-p249/lib/ruby/1.8/webrick/httpserver.rb:65:in `run'
  /Users/hopemeng/.rvm/rubies/ruby-1.8.7-p249/lib/ruby/1.8/webrick/server.rb:173:in `start_thread'
  /Users/hopemeng/.rvm/rubies/ruby-1.8.7-p249/lib/ruby/1.8/webrick/server.rb:162:in `start'
  /Users/hopemeng/.rvm/rubies/ruby-1.8.7-p249/lib/ruby/1.8/webrick/server.rb:162:in `start_thread'
  /Users/hopemeng/.rvm/rubies/ruby-1.8.7-p249/lib/ruby/1.8/webrick/server.rb:95:in `start'
  /Users/hopemeng/.rvm/rubies/ruby-1.8.7-p249/lib/ruby/1.8/webrick/server.rb:92:in `each'
  /Users/hopemeng/.rvm/rubies/ruby-1.8.7-p249/lib/ruby/1.8/webrick/server.rb:92:in `start'
  /Users/hopemeng/.rvm/rubies/ruby-1.8.7-p249/lib/ruby/1.8/webrick/server.rb:23:in `start'
  /Users/hopemeng/.rvm/rubies/ruby-1.8.7-p249/lib/ruby/1.8/webrick/server.rb:82:in `start'
  -e:1:in `load'
  -e:1

Rendering rescues/layout (internal_server_error)


Processing GoogleConnectController#update (for 127.0.0.1 at 2010-05-25 11:40:35) [GET]
  Parameters: {"action"=>"update", "controller"=>"google_connect"}
Redirected to https://www.google.com/accounts/AuthSubRequest?next=http%3A%2F%2F12foot3.com%2Fauthsub%2Fredirect_to_localhost.html&scope=http%3A%2F%2Fwww.google.com%2Fm8%2Ffeeds%2F&session=1&secure=0
Completed in 2ms (DB: 0) | 302 Found [http://localhost/google_connect/update]


Processing GoogleConnectController#receive_token (for 127.0.0.1 at 2010-05-25 11:40:40) [GET]
  Parameters: {"token"=>"CIuCn87oExC4wfyV-f____8BGM3Gpc8C", "action"=>"receive_token", "controller"=>"google_connect"}

ActionView::MissingTemplate (Missing template google_connect/receive_token.erb in view path app/views):
  /Users/hopemeng/.rvm/rubies/ruby-1.8.7-p249/lib/ruby/1.8/webrick/httpserver.rb:104:in `service'
  /Users/hopemeng/.rvm/rubies/ruby-1.8.7-p249/lib/ruby/1.8/webrick/httpserver.rb:65:in `run'
  /Users/hopemeng/.rvm/rubies/ruby-1.8.7-p249/lib/ruby/1.8/webrick/server.rb:173:in `start_thread'
  /Users/hopemeng/.rvm/rubies/ruby-1.8.7-p249/lib/ruby/1.8/webrick/server.rb:162:in `start'
  /Users/hopemeng/.rvm/rubies/ruby-1.8.7-p249/lib/ruby/1.8/webrick/server.rb:162:in `start_thread'
  /Users/hopemeng/.rvm/rubies/ruby-1.8.7-p249/lib/ruby/1.8/webrick/server.rb:95:in `start'
  /Users/hopemeng/.rvm/rubies/ruby-1.8.7-p249/lib/ruby/1.8/webrick/server.rb:92:in `each'
  /Users/hopemeng/.rvm/rubies/ruby-1.8.7-p249/lib/ruby/1.8/webrick/server.rb:92:in `start'
  /Users/hopemeng/.rvm/rubies/ruby-1.8.7-p249/lib/ruby/1.8/webrick/server.rb:23:in `start'
  /Users/hopemeng/.rvm/rubies/ruby-1.8.7-p249/lib/ruby/1.8/webrick/server.rb:82:in `start'
  -e:1:in `load'
  -e:1

Rendering rescues/layout (internal_server_error)
